<?xml version="1.0" encoding="UTF-8"?>
<testng-results ignored="0" total="3" passed="3" failed="0" skipped="0">
  <reporter-output>
  </reporter-output>
  <suite started-at="2021-04-06T00:56:54 IST" name="Suite" finished-at="2021-04-06T00:58:19 IST" duration-ms="84335">
    <groups>
    </groups>
    <test started-at="2021-04-06T00:56:54 IST" name="Test" finished-at="2021-04-06T00:58:19 IST" duration-ms="84335">
      <class name="testNG3.T1">
        <test-method is-config="true" signature="start()[pri:0, instance:testNG3.T1@f2ff811]" started-at="2021-04-06T00:56:54 IST" name="start" finished-at="2021-04-06T00:57:12 IST" duration-ms="17406" status="PASS">
          <reporter-output>
          </reporter-output>
        </test-method> <!-- start -->
        <test-method signature="case1()[pri:0, instance:testNG3.T1@f2ff811]" started-at="2021-04-06T00:57:12 IST" name="case1" finished-at="2021-04-06T00:57:20 IST" duration-ms="7776" status="PASS">
          <reporter-output>
          </reporter-output>
        </test-method> <!-- case1 -->
        <test-method is-config="true" signature="stop()[pri:0, instance:testNG3.T1@f2ff811]" started-at="2021-04-06T00:57:20 IST" name="stop" finished-at="2021-04-06T00:57:22 IST" duration-ms="2630" status="PASS">
          <reporter-output>
          </reporter-output>
        </test-method> <!-- stop -->
      </class> <!-- testNG3.T1 -->
      <class name="testNG3.T3">
        <test-method is-config="true" signature="start()[pri:0, instance:testNG3.T3@50caa560]" started-at="2021-04-06T00:57:51 IST" name="start" finished-at="2021-04-06T00:58:07 IST" duration-ms="15131" status="PASS">
          <reporter-output>
          </reporter-output>
        </test-method> <!-- start -->
        <test-method signature="case3()[pri:0, instance:testNG3.T3@50caa560]" started-at="2021-04-06T00:58:07 IST" name="case3" finished-at="2021-04-06T00:58:16 IST" duration-ms="9736" status="PASS">
          <reporter-output>
          </reporter-output>
        </test-method> <!-- case3 -->
        <test-method is-config="true" signature="stop()[pri:0, instance:testNG3.T3@50caa560]" started-at="2021-04-06T00:58:16 IST" name="stop" finished-at="2021-04-06T00:58:19 IST" duration-ms="2404" status="PASS">
          <reporter-output>
          </reporter-output>
        </test-method> <!-- stop -->
      </class> <!-- testNG3.T3 -->
      <class name="testNG3.T2">
        <test-method is-config="true" signature="start()[pri:0, instance:testNG3.T2@568ff82]" started-at="2021-04-06T00:57:22 IST" name="start" finished-at="2021-04-06T00:57:39 IST" duration-ms="16780" status="PASS">
          <reporter-output>
          </reporter-output>
        </test-method> <!-- start -->
        <test-method signature="case2()[pri:0, instance:testNG3.T2@568ff82]" started-at="2021-04-06T00:57:39 IST" name="case2" finished-at="2021-04-06T00:57:50 IST" duration-ms="11175" status="PASS">
          <reporter-output>
          </reporter-output>
        </test-method> <!-- case2 -->
        <test-method is-config="true" signature="stop()[pri:0, instance:testNG3.T2@568ff82]" started-at="2021-04-06T00:57:50 IST" name="stop" finished-at="2021-04-06T00:57:51 IST" duration-ms="1204" status="PASS">
          <reporter-output>
          </reporter-output>
        </test-method> <!-- stop -->
      </class> <!-- testNG3.T2 -->
    </test> <!-- Test -->
  </suite> <!-- Suite -->
</testng-results>
